  Image.cpp
c:\users\richard\onedrive - imperial college london\_acse-5\project_2\image_loading\image_loading\image.cpp(27): warning C4003: not enough arguments for function-like macro invocation '_RAISE'
c:\users\richard\onedrive - imperial college london\_acse-5\project_2\image_loading\image_loading\image.cpp(123): warning C4003: not enough arguments for function-like macro invocation '_RAISE'
c:\users\richard\onedrive - imperial college london\_acse-5\project_2\image_loading\image_loading\image.cpp(198): warning C4003: not enough arguments for function-like macro invocation '_RAISE'
c:\users\richard\onedrive - imperial college london\_acse-5\project_2\image_loading\image_loading\image.cpp(235): warning C4305: '=': truncation from 'double' to 'float'
c:\users\richard\onedrive - imperial college london\_acse-5\project_2\image_loading\image_loading\image.cpp(236): warning C4305: '=': truncation from 'double' to 'float'
c:\users\richard\onedrive - imperial college london\_acse-5\project_2\image_loading\image_loading\image.cpp(237): warning C4305: '=': truncation from 'double' to 'float'
c:\users\richard\onedrive - imperial college london\_acse-5\project_2\image_loading\image_loading\image.cpp(242): warning C4305: '=': truncation from 'double' to 'float'
c:\users\richard\onedrive - imperial college london\_acse-5\project_2\image_loading\image_loading\image.cpp(243): warning C4305: '=': truncation from 'double' to 'float'
c:\users\richard\onedrive - imperial college london\_acse-5\project_2\image_loading\image_loading\image.cpp(244): warning C4305: '=': truncation from 'double' to 'float'
c:\users\richard\onedrive - imperial college london\_acse-5\project_2\image_loading\image_loading\image.cpp(231): warning C4101: 'bc': unreferenced local variable
c:\users\richard\onedrive - imperial college london\_acse-5\project_2\image_loading\image_loading\image.cpp(231): warning C4101: 'rc': unreferenced local variable
c:\users\richard\onedrive - imperial college london\_acse-5\project_2\image_loading\image_loading\image.cpp(231): warning C4101: 'gc': unreferenced local variable
c:\users\richard\onedrive - imperial college london\_acse-5\project_2\image_loading\image_loading\image.cpp(371): warning C4244: '=': conversion from 'float' to 'int', possible loss of data
c:\users\richard\onedrive - imperial college london\_acse-5\project_2\image_loading\image_loading\image.cpp(390): warning C4003: not enough arguments for function-like macro invocation '_RAISE'
c:\users\richard\onedrive - imperial college london\_acse-5\project_2\image_loading\image_loading\image.cpp(398): warning C4003: not enough arguments for function-like macro invocation '_RAISE'
  Generating code
  1 of 405 functions ( 0.2%) were compiled, the rest were copied from previous compilation.
    0 functions were new in current compilation
    3 functions had inline decision re-evaluated but remain unchanged
  Finished generating code
  image_loading.vcxproj -> C:\Users\Richard\OneDrive - Imperial College London\_ACSE-5\project_2\image_loading\Release\image_loading.exe
